<?xml version="1.0" encoding="UTF-8"?>
<testsuite xmlns:xsi="http://www.w3.org/2001/XMLSchema-instance" xsi:noNamespaceSchemaLocation="https://maven.apache.org/surefire/maven-surefire-plugin/xsd/surefire-test-report-3.0.xsd" version="3.0" name="runners.TestRunner" time="17.982" tests="16" errors="0" skipped="0" failures="0">
  <properties>
[...]
</properties>
  <testcase name="Successfully create new booking with valid data #1" classname="Create new bookings" time="6.097">
    <system-out><![CDATA[
Scenario Outline: Successfully create new booking with valid data &amp#27;[90m# src/test/resources/features/CreateBooking.feature:12&amp#27;[0m
  &amp#27;[32mGiven &amp#27;[0m&amp#27;[32mI have booking data with &amp#27;[0m&amp#27;[32m&amp#27;[1m"Oreo"&amp#27;[0m&amp#27;[32m &amp#27;[0m&amp#27;[32m&amp#27;[1m"Deo"&amp#27;[0m&amp#27;[32m &amp#27;[0m&amp#27;[32m&amp#27;[1m1200&amp#27;[0m&amp#27;[32m &amp#27;[0m&amp#27;[32m&amp#27;[1m"true"&amp#27;[0m         &amp#27;[90m# stepDefinitions.CreateBookingSteps.i_have_booking_data_with(java.lang.String,java.lang.String,java.lang.Integer,java.lang.String)&amp#27;[0m
  &amp#27;[32mWhen &amp#27;[0m&amp#27;[32mI send a POST request to create a booking&amp#27;[0m                  &amp#27;[90m# stepDefinitions.CreateBookingSteps.i_send_a_post_request_to_create_a_booking()&amp#27;[0m
  &amp#27;[32mThen &amp#27;[0m&amp#27;[32mthe response status code should be 200&amp#27;[0m                     &amp#27;[90m# stepDefinitions.CreateBookingSteps.the_response_status_code_should_be_200()&amp#27;[0m
  &amp#27;[32mAnd &amp#27;[0m&amp#27;[32mthe response body should contain &amp#27;[0m&amp#27;[32m&amp#27;[1m"Oreo"&amp#27;[0m&amp#27;[32m &amp#27;[0m&amp#27;[32m&amp#27;[1m"Deo"&amp#27;[0m               &amp#27;[90m# stepDefinitions.CreateBookingSteps.the_response_body_should_contain(java.lang.String,java.lang.String)&amp#27;[0m
]]></system-out>
  </testcase>
  <testcase name="Successfully create new booking with valid data #2" classname="Create new bookings" time="0.633">
    <system-out><![CDATA[
Scenario Outline: Successfully create new booking with valid data &amp#27;[90m# src/test/resources/features/CreateBooking.feature:13&amp#27;[0m
  &amp#27;[32mGiven &amp#27;[0m&amp#27;[32mI have booking data with &amp#27;[0m&amp#27;[32m&amp#27;[1m"Mice"&amp#27;[0m&amp#27;[32m &amp#27;[0m&amp#27;[32m&amp#27;[1m"Smith"&amp#27;[0m&amp#27;[32m &amp#27;[0m&amp#27;[32m&amp#27;[1m1500&amp#27;[0m&amp#27;[32m &amp#27;[0m&amp#27;[32m&amp#27;[1m"false"&amp#27;[0m      &amp#27;[90m# stepDefinitions.CreateBookingSteps.i_have_booking_data_with(java.lang.String,java.lang.String,java.lang.Integer,java.lang.String)&amp#27;[0m
  &amp#27;[32mWhen &amp#27;[0m&amp#27;[32mI send a POST request to create a booking&amp#27;[0m                  &amp#27;[90m# stepDefinitions.CreateBookingSteps.i_send_a_post_request_to_create_a_booking()&amp#27;[0m
  &amp#27;[32mThen &amp#27;[0m&amp#27;[32mthe response status code should be 200&amp#27;[0m                     &amp#27;[90m# stepDefinitions.CreateBookingSteps.the_response_status_code_should_be_200()&amp#27;[0m
  &amp#27;[32mAnd &amp#27;[0m&amp#27;[32mthe response body should contain &amp#27;[0m&amp#27;[32m&amp#27;[1m"Mice"&amp#27;[0m&amp#27;[32m &amp#27;[0m&amp#27;[32m&amp#27;[1m"Smith"&amp#27;[0m             &amp#27;[90m# stepDefinitions.CreateBookingSteps.the_response_body_should_contain(java.lang.String,java.lang.String)&amp#27;[0m
]]></system-out>
  </testcase>
  <testcase name="Successfully create new booking with valid data #3" classname="Create new bookings" time="0.692">
    <system-out><![CDATA[
Scenario Outline: Successfully create new booking with valid data &amp#27;[90m# src/test/resources/features/CreateBooking.feature:14&amp#27;[0m
  &amp#27;[32mGiven &amp#27;[0m&amp#27;[32mI have booking data with &amp#27;[0m&amp#27;[32m&amp#27;[1m"Bobby"&amp#27;[0m&amp#27;[32m &amp#27;[0m&amp#27;[32m&amp#27;[1m"Johnson"&amp#27;[0m&amp#27;[32m &amp#27;[0m&amp#27;[32m&amp#27;[1m800&amp#27;[0m&amp#27;[32m &amp#27;[0m&amp#27;[32m&amp#27;[1m"true"&amp#27;[0m     &amp#27;[90m# stepDefinitions.CreateBookingSteps.i_have_booking_data_with(java.lang.String,java.lang.String,java.lang.Integer,java.lang.String)&amp#27;[0m
  &amp#27;[32mWhen &amp#27;[0m&amp#27;[32mI send a POST request to create a booking&amp#27;[0m                  &amp#27;[90m# stepDefinitions.CreateBookingSteps.i_send_a_post_request_to_create_a_booking()&amp#27;[0m
  &amp#27;[32mThen &amp#27;[0m&amp#27;[32mthe response status code should be 200&amp#27;[0m                     &amp#27;[90m# stepDefinitions.CreateBookingSteps.the_response_status_code_should_be_200()&amp#27;[0m
  &amp#27;[32mAnd &amp#27;[0m&amp#27;[32mthe response body should contain &amp#27;[0m&amp#27;[32m&amp#27;[1m"Bobby"&amp#27;[0m&amp#27;[32m &amp#27;[0m&amp#27;[32m&amp#27;[1m"Johnson"&amp#27;[0m          &amp#27;[90m# stepDefinitions.CreateBookingSteps.the_response_body_should_contain(java.lang.String,java.lang.String)&amp#27;[0m
]]></system-out>
  </testcase>
  <testcase name="Attempt to create a booking with incomplete information (missing required fields)" classname="Create new bookings" time="0.579">
    <system-out><![CDATA[
Scenario: Attempt to create a booking with incomplete information (missing required fields) &amp#27;[90m# src/test/resources/features/CreateBooking.feature:16&amp#27;[0m
  &amp#27;[32mGiven &amp#27;[0m&amp#27;[32mI have a booking data with only &amp#27;[0m&amp#27;[32m&amp#27;[1m"<lastname>"&amp#27;[0m&amp#27;[32m &amp#27;[0m&amp#27;[32m&amp#27;[1m"<depositpaid>"&amp#27;[0m                        &amp#27;[90m# stepDefinitions.CreateBookingSteps.I_have_a_booking_data_with_only(java.lang.String,java.lang.String)&amp#27;[0m
  &amp#27;[32mWhen &amp#27;[0m&amp#27;[32mI send a POST request to create a booking&amp#27;[0m                                            &amp#27;[90m# stepDefinitions.CreateBookingSteps.i_send_a_post_request_to_create_a_booking()&amp#27;[0m
  &amp#27;[32mThen &amp#27;[0m&amp#27;[32mthe response status code should be 500&amp#27;[0m                                               &amp#27;[90m# stepDefinitions.CreateBookingSteps.the_response_status_code_should_be_500()&amp#27;[0m
  &amp#27;[32mAnd &amp#27;[0m&amp#27;[32mthe response body should contain &amp#27;[0m&amp#27;[32m&amp#27;[1m"<Internal Server Error>"&amp#27;[0m                            &amp#27;[90m# stepDefinitions.CreateBookingSteps.the_response_body_should_contain(java.lang.String)&amp#27;[0m
]]></system-out>
  </testcase>
  <testcase name="Attempt to retrieve a booking with an valid ID" classname="EMPTY_NAME" time="0.711">
    <system-out><![CDATA[
Scenario: Attempt to retrieve a booking with an valid ID              &amp#27;[90m# src/test/resources/features/GetBooking.feature:3&amp#27;[0m
  &amp#27;[32mWhen &amp#27;[0m&amp#27;[32mI send a GET request to the booking endpoint with booking id &amp#27;[0m&amp#27;[32m&amp#27;[1m9&amp#27;[0m &amp#27;[90m# stepDefinitions.GetBookingSteps.I_send_a_GET_request_to_the_booking_endpoint_with_booking_id(int)&amp#27;[0m
  &amp#27;[32mThen &amp#27;[0m&amp#27;[32mresponse status code should be 200&amp#27;[0m                             &amp#27;[90m# stepDefinitions.GetBookingSteps.response_status_code_should_be_200()&amp#27;[0m
  &amp#27;[32mAnd &amp#27;[0m&amp#27;[32mthe response body should contain the all booking details&amp#27;[0m        &amp#27;[90m# stepDefinitions.GetBookingSteps.the_response_body_should_contain_the_all_booking_details()&amp#27;[0m
]]></system-out>
  </testcase>
  <testcase name="Attempt to retrieve a booking with an invalid ID" classname="EMPTY_NAME" time="0.659">
    <system-out><![CDATA[
Scenario: Attempt to retrieve a booking with an invalid ID                    &amp#27;[90m# src/test/resources/features/GetBooking.feature:9&amp#27;[0m
  &amp#27;[32mWhen &amp#27;[0m&amp#27;[32mI send a GET request to the booking endpoint with booking id &amp#27;[0m&amp#27;[32m&amp#27;[1m999999990&amp#27;[0m &amp#27;[90m# stepDefinitions.GetBookingSteps.I_send_a_GET_request_to_the_booking_endpoint_with_booking_id(int)&amp#27;[0m
  &amp#27;[32mThen &amp#27;[0m&amp#27;[32mresponse status code should be 404&amp#27;[0m                                     &amp#27;[90m# stepDefinitions.GetBookingSteps.response_status_code_should_be_404()&amp#27;[0m
  &amp#27;[32mAnd &amp#27;[0m&amp#27;[32mresponse body should be &amp#27;[0m&amp#27;[32m&amp#27;[1m"Not Found"&amp#27;[0m                                     &amp#27;[90m# stepDefinitions.GetBookingSteps.response_body_should_be(java.lang.String)&amp#27;[0m
]]></system-out>
  </testcase>
  <testcase name="Retrieve all booking IDs without any filters" classname="Get Booking IDs" time="0.908">
    <system-out><![CDATA[
Scenario: Retrieve all booking IDs without any filters                      &amp#27;[90m# src/test/resources/features/GetBookingID.feature:3&amp#27;[0m
  &amp#27;[32mWhen &amp#27;[0m&amp#27;[32mI send a GET request to the booking endpoint&amp#27;[0m                         &amp#27;[90m# stepDefinitions.GetBookingIdSteps.I_send_a_GET_request_to_the_booking_endpoint()&amp#27;[0m
  &amp#27;[32mThen &amp#27;[0m&amp#27;[32mthe response status should be &amp#27;[0m&amp#27;[32m&amp#27;[1m200&amp#27;[0m                                    &amp#27;[90m# stepDefinitions.GetBookingIdSteps.the_response_status_should_be(int)&amp#27;[0m
  &amp#27;[32mAnd &amp#27;[0m&amp#27;[32mthe response body should be a list containing at least one booking ID&amp#27;[0m &amp#27;[90m# stepDefinitions.GetBookingIdSteps.the_response_body_should_be_a_list_containing_at_least_one_booking_id()&amp#27;[0m
]]></system-out>
  </testcase>
  <testcase name="Filter booking IDs using lastname #1" classname="Get Booking IDs" time="0.66">
    <system-out><![CDATA[
Scenario Outline: Filter booking IDs using lastname                                                &amp#27;[90m# src/test/resources/features/GetBookingID.feature:15&amp#27;[0m
  &amp#27;[32mWhen &amp#27;[0m&amp#27;[32mI send a GET request to the booking endpoint with query parameter &amp#27;[0m&amp#27;[32m&amp#27;[1m'firstname'&amp#27;[0m&amp#27;[32m set to &amp#27;[0m&amp#27;[32m&amp#27;[1m'Josh'&amp#27;[0m &amp#27;[90m# stepDefinitions.GetBookingIdSteps.I_send_a_GET_request_to_the_booking_endpoint_with_query_parameter_set_to(java.lang.String,java.lang.String)&amp#27;[0m
  &amp#27;[32mThen &amp#27;[0m&amp#27;[32mthe response status should be &amp#27;[0m&amp#27;[32m&amp#27;[1m200&amp#27;[0m                                                           &amp#27;[90m# stepDefinitions.GetBookingIdSteps.the_response_status_should_be(int)&amp#27;[0m
  &amp#27;[32mAnd &amp#27;[0m&amp#27;[32mthe response body should be a list containing at least one booking ID&amp#27;[0m                        &amp#27;[90m# stepDefinitions.GetBookingIdSteps.the_response_body_should_be_a_list_containing_at_least_one_booking_id()&amp#27;[0m
]]></system-out>
  </testcase>
  <testcase name="Filter booking IDs using lastname #2" classname="Get Booking IDs" time="0.623">
    <system-out><![CDATA[
Scenario Outline: Filter booking IDs using lastname                                                &amp#27;[90m# src/test/resources/features/GetBookingID.feature:16&amp#27;[0m
  &amp#27;[32mWhen &amp#27;[0m&amp#27;[32mI send a GET request to the booking endpoint with query parameter &amp#27;[0m&amp#27;[32m&amp#27;[1m'lastname'&amp#27;[0m&amp#27;[32m set to &amp#27;[0m&amp#27;[32m&amp#27;[1m'Brown'&amp#27;[0m &amp#27;[90m# stepDefinitions.GetBookingIdSteps.I_send_a_GET_request_to_the_booking_endpoint_with_query_parameter_set_to(java.lang.String,java.lang.String)&amp#27;[0m
  &amp#27;[32mThen &amp#27;[0m&amp#27;[32mthe response status should be &amp#27;[0m&amp#27;[32m&amp#27;[1m200&amp#27;[0m                                                           &amp#27;[90m# stepDefinitions.GetBookingIdSteps.the_response_status_should_be(int)&amp#27;[0m
  &amp#27;[32mAnd &amp#27;[0m&amp#27;[32mthe response body should be a list containing at least one booking ID&amp#27;[0m                        &amp#27;[90m# stepDefinitions.GetBookingIdSteps.the_response_body_should_be_a_list_containing_at_least_one_booking_id()&amp#27;[0m
]]></system-out>
  </testcase>
  <testcase name="Filter booking IDs using lastname #3" classname="Get Booking IDs" time="0.767">
    <system-out><![CDATA[
Scenario Outline: Filter booking IDs using lastname                                                    &amp#27;[90m# src/test/resources/features/GetBookingID.feature:17&amp#27;[0m
  &amp#27;[32mWhen &amp#27;[0m&amp#27;[32mI send a GET request to the booking endpoint with query parameter &amp#27;[0m&amp#27;[32m&amp#27;[1m'checkin'&amp#27;[0m&amp#27;[32m set to &amp#27;[0m&amp#27;[32m&amp#27;[1m'2025-01-01'&amp#27;[0m &amp#27;[90m# stepDefinitions.GetBookingIdSteps.I_send_a_GET_request_to_the_booking_endpoint_with_query_parameter_set_to(java.lang.String,java.lang.String)&amp#27;[0m
  &amp#27;[32mThen &amp#27;[0m&amp#27;[32mthe response status should be &amp#27;[0m&amp#27;[32m&amp#27;[1m200&amp#27;[0m                                                               &amp#27;[90m# stepDefinitions.GetBookingIdSteps.the_response_status_should_be(int)&amp#27;[0m
  &amp#27;[32mAnd &amp#27;[0m&amp#27;[32mthe response body should be a list containing at least one booking ID&amp#27;[0m                            &amp#27;[90m# stepDefinitions.GetBookingIdSteps.the_response_body_should_be_a_list_containing_at_least_one_booking_id()&amp#27;[0m
]]></system-out>
  </testcase>
  <testcase name="Filter booking IDs using firstname that doesnt exist in booking records #1" classname="Get Booking IDs" time="0.586">
    <system-out><![CDATA[
Scenario Outline: Filter booking IDs using firstname that doesnt exist in booking records          &amp#27;[90m# src/test/resources/features/GetBookingID.feature:26&amp#27;[0m
  &amp#27;[32mWhen &amp#27;[0m&amp#27;[32mI send a GET request to the booking endpoint with query parameter &amp#27;[0m&amp#27;[32m&amp#27;[1m'firstname'&amp#27;[0m&amp#27;[32m set to &amp#27;[0m&amp#27;[32m&amp#27;[1m'None'&amp#27;[0m &amp#27;[90m# stepDefinitions.GetBookingIdSteps.I_send_a_GET_request_to_the_booking_endpoint_with_query_parameter_set_to(java.lang.String,java.lang.String)&amp#27;[0m
  &amp#27;[32mThen &amp#27;[0m&amp#27;[32mthe response status should be &amp#27;[0m&amp#27;[32m&amp#27;[1m200&amp#27;[0m                                                           &amp#27;[90m# stepDefinitions.GetBookingIdSteps.the_response_status_should_be(int)&amp#27;[0m
  &amp#27;[32mAnd &amp#27;[0m&amp#27;[32mthe response body should be empty&amp#27;[0m                                                            &amp#27;[90m# stepDefinitions.GetBookingIdSteps.the_response_body_should_be_empty()&amp#27;[0m
]]></system-out>
  </testcase>
  <testcase name="Filter booking IDs using firstname that doesnt exist in booking records #2" classname="Get Booking IDs" time="0.737">
    <system-out><![CDATA[
Scenario Outline: Filter booking IDs using firstname that doesnt exist in booking records             &amp#27;[90m# src/test/resources/features/GetBookingID.feature:27&amp#27;[0m
  &amp#27;[32mWhen &amp#27;[0m&amp#27;[32mI send a GET request to the booking endpoint with query parameter &amp#27;[0m&amp#27;[32m&amp#27;[1m'lastname'&amp#27;[0m&amp#27;[32m set to &amp#27;[0m&amp#27;[32m&amp#27;[1m'Existing'&amp#27;[0m &amp#27;[90m# stepDefinitions.GetBookingIdSteps.I_send_a_GET_request_to_the_booking_endpoint_with_query_parameter_set_to(java.lang.String,java.lang.String)&amp#27;[0m
  &amp#27;[32mThen &amp#27;[0m&amp#27;[32mthe response status should be &amp#27;[0m&amp#27;[32m&amp#27;[1m200&amp#27;[0m                                                              &amp#27;[90m# stepDefinitions.GetBookingIdSteps.the_response_status_should_be(int)&amp#27;[0m
  &amp#27;[32mAnd &amp#27;[0m&amp#27;[32mthe response body should be empty&amp#27;[0m                                                               &amp#27;[90m# stepDefinitions.GetBookingIdSteps.the_response_body_should_be_empty()&amp#27;[0m
]]></system-out>
  </testcase>
  <testcase name="Successfully update an existing booking with a valid token" classname="Update Booking" time="0.713">
    <system-out><![CDATA[
Scenario: Successfully update an existing booking with a valid token           &amp#27;[90m# src/test/resources/features/UpdateBooking.feature:10&amp#27;[0m
  &amp#27;[32mGiven &amp#27;[0m&amp#27;[32ma booking exists with bookingID &amp#27;[0m&amp#27;[32m&amp#27;[1m9&amp#27;[0m                                      &amp#27;[90m# stepDefinitions.UpdateBookingSteps.a_booking_exists_with_bookingID(java.lang.Integer)&amp#27;[0m
  &amp#27;[32mGiven &amp#27;[0m&amp#27;[32mI am an authenticated user with a valid token&amp#27;[0m                          &amp#27;[90m# stepDefinitions.UpdateBookingSteps.i_am_an_authenticated_user_with_a_valid_token()&amp#27;[0m
  &amp#27;[32mAnd &amp#27;[0m&amp#27;[32mI have to update the lastname to &amp#27;[0m&amp#27;[32m&amp#27;[1m"Authorized"&amp#27;[0m                            &amp#27;[90m# stepDefinitions.UpdateBookingSteps.i_have_to_update_the_lastname_to(java.lang.String)&amp#27;[0m
  &amp#27;[32mWhen &amp#27;[0m&amp#27;[32mI send a PUT request to the booking endpoint with background booking ID&amp#27;[0m &amp#27;[90m# stepDefinitions.UpdateBookingSteps.i_send_a_PUT_request_to_the_booking_endpoint_with_background_booking_ID()&amp#27;[0m
  &amp#27;[32mThen &amp#27;[0m&amp#27;[32mthe response code should be &amp#27;[0m&amp#27;[32m&amp#27;[1m200&amp#27;[0m                                         &amp#27;[90m# stepDefinitions.UpdateBookingSteps.the_response_code_should_be(java.lang.Integer)&amp#27;[0m
  &amp#27;[32mAnd &amp#27;[0m&amp#27;[32mthe response body should show the lastname as &amp#27;[0m&amp#27;[32m&amp#27;[1m"Authorized"&amp#27;[0m               &amp#27;[90m# stepDefinitions.UpdateBookingSteps.the_response_body_should_show_the_lastname_as(java.lang.String)&amp#27;[0m
]]></system-out>
  </testcase>
  <testcase name="Attempt to update a booking record without an authentication token" classname="Update Booking" time="0.697">
    <system-out><![CDATA[
@negative
Scenario: Attempt to update a booking record without an authentication token   &amp#27;[90m# src/test/resources/features/UpdateBooking.feature:18&amp#27;[0m
  &amp#27;[32mGiven &amp#27;[0m&amp#27;[32ma booking exists with bookingID &amp#27;[0m&amp#27;[32m&amp#27;[1m9&amp#27;[0m                                      &amp#27;[90m# stepDefinitions.UpdateBookingSteps.a_booking_exists_with_bookingID(java.lang.Integer)&amp#27;[0m
  &amp#27;[32mGiven &amp#27;[0m&amp#27;[32mI am not an authenticated user&amp#27;[0m                                         &amp#27;[90m# stepDefinitions.UpdateBookingSteps.i_am_not_an_authenticated_user()&amp#27;[0m
  &amp#27;[32mAnd &amp#27;[0m&amp#27;[32mI have to update the lastname to &amp#27;[0m&amp#27;[32m&amp#27;[1m"NotAuthorized"&amp#27;[0m                         &amp#27;[90m# stepDefinitions.UpdateBookingSteps.i_have_to_update_the_lastname_to(java.lang.String)&amp#27;[0m
  &amp#27;[32mWhen &amp#27;[0m&amp#27;[32mI send a PUT request to the booking endpoint with background booking ID&amp#27;[0m &amp#27;[90m# stepDefinitions.UpdateBookingSteps.i_send_a_PUT_request_to_the_booking_endpoint_with_background_booking_ID()&amp#27;[0m
  &amp#27;[32mThen &amp#27;[0m&amp#27;[32mthe response code should be &amp#27;[0m&amp#27;[32m&amp#27;[1m403&amp#27;[0m                                         &amp#27;[90m# stepDefinitions.UpdateBookingSteps.the_response_code_should_be(java.lang.Integer)&amp#27;[0m
  &amp#27;[32mAnd &amp#27;[0m&amp#27;[32mthe response body should be &amp#27;[0m&amp#27;[32m&amp#27;[1m"Forbidden"&amp#27;[0m                                  &amp#27;[90m# stepDefinitions.UpdateBookingSteps.the_response_body_should_be(java.lang.String)&amp#27;[0m
]]></system-out>
  </testcase>
  <testcase name="Attempt to update a booking with an invalid authentication token" classname="Update Booking" time="0.697">
    <system-out><![CDATA[
@negative
Scenario: Attempt to update a booking with an invalid authentication token     &amp#27;[90m# src/test/resources/features/UpdateBooking.feature:26&amp#27;[0m
  &amp#27;[32mGiven &amp#27;[0m&amp#27;[32ma booking exists with bookingID &amp#27;[0m&amp#27;[32m&amp#27;[1m9&amp#27;[0m                                      &amp#27;[90m# stepDefinitions.UpdateBookingSteps.a_booking_exists_with_bookingID(java.lang.Integer)&amp#27;[0m
  &amp#27;[32mGiven &amp#27;[0m&amp#27;[32mI have an invalid authentication token &amp#27;[0m&amp#27;[32m&amp#27;[1m"invalidTokenForTesting"&amp#27;[0m        &amp#27;[90m# stepDefinitions.UpdateBookingSteps.i_have_an_invalid_authentication_token(java.lang.String)&amp#27;[0m
  &amp#27;[32mAnd &amp#27;[0m&amp#27;[32mI have to update the lastname to &amp#27;[0m&amp#27;[32m&amp#27;[1m"InvalidToken"&amp#27;[0m                          &amp#27;[90m# stepDefinitions.UpdateBookingSteps.i_have_to_update_the_lastname_to(java.lang.String)&amp#27;[0m
  &amp#27;[32mWhen &amp#27;[0m&amp#27;[32mI send a PUT request to the booking endpoint with background booking ID&amp#27;[0m &amp#27;[90m# stepDefinitions.UpdateBookingSteps.i_send_a_PUT_request_to_the_booking_endpoint_with_background_booking_ID()&amp#27;[0m
  &amp#27;[32mThen &amp#27;[0m&amp#27;[32mthe response code should be &amp#27;[0m&amp#27;[32m&amp#27;[1m403&amp#27;[0m                                         &amp#27;[90m# stepDefinitions.UpdateBookingSteps.the_response_code_should_be(java.lang.Integer)&amp#27;[0m
  &amp#27;[32mAnd &amp#27;[0m&amp#27;[32mthe response body should be &amp#27;[0m&amp#27;[32m&amp#27;[1m"Forbidden"&amp#27;[0m                                  &amp#27;[90m# stepDefinitions.UpdateBookingSteps.the_response_body_should_be(java.lang.String)&amp#27;[0m
]]></system-out>
  </testcase>
  <testcase name="Attempt to update a booking that does not exist" classname="Update Booking" time="0.611">
    <system-out><![CDATA[
@negative
Scenario: Attempt to update a booking that does not exist        &amp#27;[90m# src/test/resources/features/UpdateBooking.feature:34&amp#27;[0m
  &amp#27;[32mGiven &amp#27;[0m&amp#27;[32ma booking exists with bookingID &amp#27;[0m&amp#27;[32m&amp#27;[1m9&amp#27;[0m                        &amp#27;[90m# stepDefinitions.UpdateBookingSteps.a_booking_exists_with_bookingID(java.lang.Integer)&amp#27;[0m
  &amp#27;[32mGiven &amp#27;[0m&amp#27;[32mI am an authenticated user with a valid token&amp#27;[0m            &amp#27;[90m# stepDefinitions.UpdateBookingSteps.i_am_an_authenticated_user_with_a_valid_token()&amp#27;[0m
  &amp#27;[32mAnd &amp#27;[0m&amp#27;[32mI have to update the lastname to &amp#27;[0m&amp#27;[32m&amp#27;[1m"NonExistent"&amp#27;[0m             &amp#27;[90m# stepDefinitions.UpdateBookingSteps.i_have_to_update_the_lastname_to(java.lang.String)&amp#27;[0m
  &amp#27;[32mWhen &amp#27;[0m&amp#27;[32mI send a PUT request to the booking endpoint with ID &amp#27;[0m&amp#27;[32m&amp#27;[1m9999&amp#27;[0m &amp#27;[90m# stepDefinitions.UpdateBookingSteps.i_send_a_PUT_request_to_the_booking_endpoint_with_ID(int)&amp#27;[0m
  &amp#27;[32mThen &amp#27;[0m&amp#27;[32mthe response code should be &amp#27;[0m&amp#27;[32m&amp#27;[1m405&amp#27;[0m                           &amp#27;[90m# stepDefinitions.UpdateBookingSteps.the_response_code_should_be(java.lang.Integer)&amp#27;[0m
  &amp#27;[32mAnd &amp#27;[0m&amp#27;[32mthe response body should be &amp#27;[0m&amp#27;[32m&amp#27;[1m"Method Not Allowed"&amp#27;[0m           &amp#27;[90m# stepDefinitions.UpdateBookingSteps.the_response_body_should_be(java.lang.String)&amp#27;[0m
]]></system-out>
  </testcase>
</testsuite>